<?xml version="1.0" encoding="UTF-8" standalone="no"?>
<testsuite failures="0" name="cucumber.runtime.formatter.JUnitFormatter" skipped="0" tests="1" time="17.313603">
    <testcase classname="FreeCRM  Login feature" name="FreeCRM login" time="17.313603">
        <system-out>
            <![CDATA[Given user is already on the login page.....................................passed
When user enters username and password......................................passed
Then user clicks on Login button............................................passed
And user is on home page....................................................passed
]]>
        </system-out>
    </testcase>
</testsuite>
