<?xml version="1.0" encoding="UTF-8"?>
<testng-results ignored="0" total="1" passed="1" failed="0" skipped="0">
  <reporter-output>
  </reporter-output>
  <suite started-at="2020-11-23T13:52:34Z" name="FREE CRM Application Test Automation Test Suite" finished-at="2020-11-23T13:52:54Z" duration-ms="19167">
    <groups>
    </groups>
    <test started-at="2020-11-23T13:52:34Z" name="Free CRM App Test Cases" finished-at="2020-11-23T13:52:54Z" duration-ms="19167">
      <class name="com.crm.qa.tests.AmazonTest">
        <test-method signature="verifyTitle()[pri:0, instance:com.crm.qa.tests.AmazonTest@49e5f737]" started-at="2020-11-23T13:52:34Z" name="verifyTitle" finished-at="2020-11-23T13:52:54Z" duration-ms="19128" status="PASS">
          <reporter-output>
          </reporter-output>
        </test-method> <!-- verifyTitle -->
      </class> <!-- com.crm.qa.tests.AmazonTest -->
    </test> <!-- Free CRM App Test Cases -->
  </suite> <!-- FREE CRM Application Test Automation Test Suite -->
</testng-results>
